Loaded student from ./checkpoints/student.pt
  Phase 1 acc=95.81%  EU Pearson=0.7151104211807251  Spearman=0.6901989579200745
Files already downloaded and verified

============================================================
  1. Accuracy
============================================================
  Teacher (ensemble):  96.37%
  Student (distilled): 95.81%

============================================================
  1b. Calibration Metrics (clean CIFAR-10 test)
============================================================
  Model                              ECE-15        NLL      Brier
  ------------------------------------------------------------
  Teacher (ensemble)                 0.0248     0.1268     0.0557
  Student (distilled)                0.0162     0.1461     0.0649

============================================================
  2. Correctness Agreement
============================================================
  Both correct:           9477  (94.8%)
  Both wrong:              259  (2.6%)
  Student correct only:    104  (1.0%)
  Teacher correct only:    160  (1.6%)
  Total agreement:       97.36%
  Same predicted class:  97.05%

============================================================
  3. EU Correlation (student EU vs teacher EU)
============================================================
  Dataset                           Pearson   Spearman   Stu mean   Tea mean
  ----------------------------------------------------------------------
  Clean CIFAR-10 test                0.7151     0.6902     0.0697     0.0493
    └ misclassified only             0.4193     0.4169
Files already downloaded and verified
  Corrupted: gaussian_noise          0.7298     0.7966     0.1376     0.1437
Files already downloaded and verified
  Corrupted: gaussian_blur           0.4022     0.3411     0.3660     0.4356
Files already downloaded and verified
  Corrupted: low_contrast            0.6797     0.7538     0.1567     0.1447
Using downloaded and verified file: ../data/svhn/test_32x32.mat
  OOD: SVHN                          0.2581     0.1921     0.3404     0.4273
Files already downloaded and verified
  OOD: CIFAR-100                     0.4856     0.4612     0.2624     0.3075
  OOD: MNIST                         0.4761     0.4664     0.2848     0.2810
  OOD: FashionMNIST                  0.3701     0.3069     0.2848     0.3179
Files already downloaded and verified
  OOD: STL10                         0.7348     0.8077     0.1360     0.1333
  OOD: DTD                           0.2467     0.2182     0.2924     0.3883

============================================================
  4a. OOD Detection — SEEN OOD (used in Phase 2 training)
============================================================

  Clean CIFAR-10 (neg) vs SVHN (pos)
  Method                                   AUROC
  ---------------------------------------------
  Teacher EU (ensemble)                   0.9648
  Student EU (learned)                    0.9768
  Student entropy (softmax)               0.9573
  1 - max softmax prob                    0.9512
  ── EU stats ──
        Clean CIFAR-10  teacher=0.0493±0.1100  student=0.0697±0.0860
                  SVHN  teacher=0.4273±0.1503  student=0.3404±0.0505

  Clean CIFAR-10 (neg) vs CIFAR-100 (pos)
  Method                                   AUROC
  ---------------------------------------------
  Teacher EU (ensemble)                   0.9075
  Student EU (learned)                    0.9094
  Student entropy (softmax)               0.8870
  1 - max softmax prob                    0.8840
  ── EU stats ──
        Clean CIFAR-10  teacher=0.0493±0.1100  student=0.0697±0.0860
             CIFAR-100  teacher=0.3075±0.1921  student=0.2624±0.1039

============================================================
  4b. OOD Detection — UNSEEN OOD (not in training)
============================================================

  Clean CIFAR-10 (neg) vs MNIST (pos)
  Method                                   AUROC
  ---------------------------------------------
  Teacher EU (ensemble)                   0.9212
  Student EU (learned)                    0.9389
  Student entropy (softmax)               0.9191
  1 - max softmax prob                    0.9136
  ── EU stats ──
        Clean CIFAR-10  teacher=0.0493±0.1100  student=0.0697±0.0860
                 MNIST  teacher=0.2810±0.1504  student=0.2848±0.0850

  Clean CIFAR-10 (neg) vs FashionMNIST (pos)
  Method                                   AUROC
  ---------------------------------------------
  Teacher EU (ensemble)                   0.9306
  Student EU (learned)                    0.9392
  Student entropy (softmax)               0.9357
  1 - max softmax prob                    0.9287
  ── EU stats ──
        Clean CIFAR-10  teacher=0.0493±0.1100  student=0.0697±0.0860
          FashionMNIST  teacher=0.3179±0.1579  student=0.2848±0.0759

  Clean CIFAR-10 (neg) vs STL10 (pos)
  Method                                   AUROC
  ---------------------------------------------
  Teacher EU (ensemble)                   0.6686
  Student EU (learned)                    0.6723
  Student entropy (softmax)               0.6674
  1 - max softmax prob                    0.6675
  ── EU stats ──
        Clean CIFAR-10  teacher=0.0493±0.1100  student=0.0697±0.0860
                 STL10  teacher=0.1333±0.1776  student=0.1360±0.1222

  Clean CIFAR-10 (neg) vs DTD (pos)
  Method                                   AUROC
  ---------------------------------------------
  Teacher EU (ensemble)                   0.9469
  Student EU (learned)                    0.9428
  Student entropy (softmax)               0.9176
  1 - max softmax prob                    0.9139
  ── EU stats ──
        Clean CIFAR-10  teacher=0.0493±0.1100  student=0.0697±0.0860
                   DTD  teacher=0.3883±0.1968  student=0.2924±0.0886

============================================================
  4c. OOD Detection — Shifted CIFAR-10 (ID) vs OOD
============================================================

  Shifted CIFAR-10 (neg) vs SVHN (pos)
  Method                                   AUROC
  ---------------------------------------------
  Teacher EU (ensemble)                   0.7375
  Student EU (learned)                    0.7114
  Student entropy (softmax)               0.7510
  1 - max softmax prob                    0.7462
  ── EU stats ──
      Shifted CIFAR-10  teacher=0.2413±0.2263  student=0.2201±0.1457
                  SVHN  teacher=0.4273±0.1503  student=0.3404±0.0505

  Shifted CIFAR-10 (neg) vs CIFAR-100 (pos)
  Method                                   AUROC
  ---------------------------------------------
  Teacher EU (ensemble)                   0.6057
  Student EU (learned)                    0.5592
  Student entropy (softmax)               0.6149
  1 - max softmax prob                    0.6187
  ── EU stats ──
      Shifted CIFAR-10  teacher=0.2413±0.2263  student=0.2201±0.1457
             CIFAR-100  teacher=0.3075±0.1921  student=0.2624±0.1039

  Shifted CIFAR-10 (neg) vs MNIST (pos)
  Method                                   AUROC
  ---------------------------------------------
  Teacher EU (ensemble)                   0.5783
  Student EU (learned)                    0.5940
  Student entropy (softmax)               0.6708
  1 - max softmax prob                    0.6657
  ── EU stats ──
      Shifted CIFAR-10  teacher=0.2413±0.2263  student=0.2201±0.1457
                 MNIST  teacher=0.2810±0.1504  student=0.2848±0.0850

  Shifted CIFAR-10 (neg) vs FashionMNIST (pos)
  Method                                   AUROC
  ---------------------------------------------
  Teacher EU (ensemble)                   0.6173
  Student EU (learned)                    0.5766
  Student entropy (softmax)               0.7227
  1 - max softmax prob                    0.7098
  ── EU stats ──
      Shifted CIFAR-10  teacher=0.2413±0.2263  student=0.2201±0.1457
          FashionMNIST  teacher=0.3179±0.1579  student=0.2848±0.0759

  Shifted CIFAR-10 (neg) vs STL10 (pos)
  Method                                   AUROC
  ---------------------------------------------
  Teacher EU (ensemble)                   0.3716
  Student EU (learned)                    0.3269
  Student entropy (softmax)               0.3833
  1 - max softmax prob                    0.3895
  ── EU stats ──
      Shifted CIFAR-10  teacher=0.2413±0.2263  student=0.2201±0.1457
                 STL10  teacher=0.1333±0.1776  student=0.1360±0.1222

  Shifted CIFAR-10 (neg) vs DTD (pos)
  Method                                   AUROC
  ---------------------------------------------
  Teacher EU (ensemble)                   0.6894
  Student EU (learned)                    0.6179
  Student entropy (softmax)               0.6668
  1 - max softmax prob                    0.6686
  ── EU stats ──
      Shifted CIFAR-10  teacher=0.2413±0.2263  student=0.2201±0.1457
                   DTD  teacher=0.3883±0.1968  student=0.2924±0.0886

============================================================
  4d. Distribution Shift Detection
============================================================

  Clean CIFAR-10 (neg) vs Shifted CIFAR-10 (pos)
  Method                                   AUROC
  ---------------------------------------------
  Teacher EU (ensemble)                   0.7595
  Student EU (learned)                    0.8036
  Student entropy (softmax)               0.7579
  1 - max softmax prob                    0.7558
  ── EU stats ──
        Clean CIFAR-10  teacher=0.0493±0.1100  student=0.0697±0.0860
      Shifted CIFAR-10  teacher=0.2413±0.2263  student=0.2201±0.1457

============================================================
  5. Uncertainty Decomposition (Clean CIFAR-10 test)
============================================================
  Metric       Teacher mean   Student mean    Pearson   Spearman
  ----------------------------------------------------------
  TU                 0.2363         0.1825     0.7549     0.6256
  AU                 0.1870         0.1133     0.6144     0.2078
  EU                 0.0493         0.0697     0.7151     0.6902

============================================================
  6. OOD Detection: CIFAR-10 vs OOD — Decomposed Uncertainties
============================================================
  Dataset          Type      Tea TU   Tea EU   Tea AU |   Stu TU   Stu EU   Stu AU
  -----------------------------------------------------------------------------------
  SVHN             seen      0.9850   0.9648   0.9824 |   0.9573   0.9768   0.8399
  CIFAR-100        seen      0.9239   0.9075   0.9226 |   0.8870   0.9094   0.6996
  MNIST            unseen    0.9620   0.9212   0.9684 |   0.9191   0.9389   0.7724
  FashionMNIST     unseen    0.9688   0.9306   0.9726 |   0.9357   0.9392   0.8241
  STL10            unseen    0.6835   0.6686   0.6834 |   0.6674   0.6723   0.5691
  DTD              unseen    0.9595   0.9469   0.9545 |   0.9176   0.9428   0.7485

  Student TU = H[softmax(logits)], EU = EU head, AU = TU - EU
  Expectation: EU >> AU on OOD (epistemic dominates)
               AU ≈ stable on ID vs OOD (aleatoric is data-intrinsic)
  Loaded single member (member_0, acc=94.42%)

============================================================
  7. Baseline: Single Ensemble Member — OOD Detection
============================================================
  Single member test accuracy: 94.42%

  Dataset          Type       Entropy  1-MaxProb
  ------------------------------------------------
Using downloaded and verified file: ../data/svhn/test_32x32.mat
  SVHN             seen        0.9423     0.9418
Files already downloaded and verified
  CIFAR-100        seen        0.8372     0.8371
  MNIST            unseen      0.9039     0.9004
  FashionMNIST     unseen      0.9145     0.9117
Files already downloaded and verified
  STL10            unseen      0.6337     0.6345
  DTD              unseen      0.8696     0.8705
Files already downloaded and verified
/home/maw6/maw6/unc_regression/CIFAR-10/evaluate_student.py:105: DeprecationWarning: `trapz` is deprecated. Use `trapezoid` instead, or one of the numerical integration functions in `scipy.integrate`.
  aurc = float(np.trapz(risks, coverages))
/home/maw6/maw6/unc_regression/CIFAR-10/evaluate_student.py:107: DeprecationWarning: `trapz` is deprecated. Use `trapezoid` instead, or one of the numerical integration functions in `scipy.integrate`.
  oracle_aurc = float(np.trapz(oracle_risks, coverages))
  Shifted CIFAR-10 shift       0.6979     0.6986

============================================================
  8. Selective Prediction (AURC) — Clean CIFAR-10 test
============================================================
  Method                              AURC↓   OracleGap↓   @90%cov↑   @80%cov↑
  --------------------------------------------------------------------------
  Teacher EU                       0.004034     0.003144     0.9887     0.9968
  Student EU (ours)                0.004110     0.003219     0.9886     0.9971
  Student entropy                  0.004223     0.003333     0.9901     0.9972
  1 - MaxProb                      0.004159     0.003269     0.9900     0.9972
  Oracle                           0.000890     0.000000     1.0000     1.0000
  Random (baseline)                0.041900            —          —          —

============================================================
  9. Inference Throughput  (device=cuda:0, bs=256, 100 batches)
============================================================
  Model                                     Samples/sec   Speedup vs ens
  ----------------------------------------------------------------------
  Ensemble (K=5, sequential)                      3,407            1.00x
  Single member                                  17,011            4.99x
  Student (single pass)                          16,970            4.98x
